[2019-10-18 22:08:19.265] [renderer1] [error] <semantic> TypeScript Server Error (3.6.2)
Debug Failure. Did not expect JsxSelfClosingElement to have an Identifier in its trivia
Error: Debug Failure. Did not expect JsxSelfClosingElement to have an Identifier in its trivia
    at addSyntheticNodes (tsserver.js:124478:30)
    at createChildren (tsserver.js:124467:9)
    at NodeObject.getChildren (tsserver.js:124411:56)
    at find (tsserver.js:99282:30)
    at find (tsserver.js:99302:32)
    at find (tsserver.js:99302:32)
    at find (tsserver.js:99302:32)
    at find (tsserver.js:99302:32)
    at find (tsserver.js:99302:32)
    at find (tsserver.js:99302:32)
    at find (tsserver.js:99302:32)
    at find (tsserver.js:99302:32)
    at find (tsserver.js:99302:32)
    at find (tsserver.js:99302:32)
    at find (tsserver.js:99302:32)
    at find (tsserver.js:99302:32)
    at find (tsserver.js:99302:32)
    at find (tsserver.js:99302:32)
    at find (tsserver.js:99302:32)
    at find (tsserver.js:99302:32)
    at find (tsserver.js:99302:32)
    at find (tsserver.js:99302:32)
    at find (tsserver.js:99302:32)
    at find (tsserver.js:99302:32)
    at find (tsserver.js:99302:32)
    at find (tsserver.js:99302:32)
    at find (tsserver.js:99302:32)
    at find (tsserver.js:99302:32)
    at find (tsserver.js:99302:32)
    at find (tsserver.js:99302:32)
    at find (tsserver.js:99302:32)
    at find (tsserver.js:99302:32)
    at find (tsserver.js:99302:32)
    at find (tsserver.js:99302:32)
    at find (tsserver.js:99302:32)
    at find (tsserver.js:99302:32)
    at find (tsserver.js:99302:32)
    at find (tsserver.js:99302:32)
    at find (tsserver.js:99302:32)
    at find (tsserver.js:99302:32)
    at find (tsserver.js:99302:32)
    at Object.findPrecedingToken (tsserver.js:99275:22)
    at Object.getCompletionsAtPosition (tsserver.js:102164:35)
    at Object.getCompletionsAtPosition (tsserver.js:125481:35)
    at IOSession.Session.getCompletions (tsserver.js:134663:64)
    at Session.handlers.ts.createMapFromTemplate._a.(anonymous function) (tsserver.js:133645:61)
    at tsserver.js:135178:88
    at IOSession.Session.executeWithRequestId (tsserver.js:135169:28)
    at IOSession.Session.executeCommand (tsserver.js:135178:33)
    at IOSession.Session.onMessage (tsserver.js:135201:35)
    at Interface.<anonymous> (tsserver.js:136516:27)
    at Interface.emit (events.js:182:13)
    at Interface._onLine (readline.js:290:10)
    at Interface._normalWrite (readline.js:433:12)
    at Socket.ondata (readline.js:149:10)
    at Socket.emit (events.js:182:13)
    at addChunk (_stream_readable.js:283:12)
    at readableAddChunk (_stream_readable.js:264:11)
    at Socket.Readable.push (_stream_readable.js:219:10)
    at Pipe.onStreamRead [as onread] (internal/stream_base_commons.js:94:17): Error: <semantic> TypeScript Server Error (3.6.2)
Debug Failure. Did not expect JsxSelfClosingElement to have an Identifier in its trivia
Error: Debug Failure. Did not expect JsxSelfClosingElement to have an Identifier in its trivia
    at addSyntheticNodes (tsserver.js:124478:30)
    at createChildren (tsserver.js:124467:9)
    at NodeObject.getChildren (tsserver.js:124411:56)
    at find (tsserver.js:99282:30)
    at find (tsserver.js:99302:32)
    at find (tsserver.js:99302:32)
    at find (tsserver.js:99302:32)
    at find (tsserver.js:99302:32)
    at find (tsserver.js:99302:32)
    at find (tsserver.js:99302:32)
    at find (tsserver.js:99302:32)
    at find (tsserver.js:99302:32)
    at find (tsserver.js:99302:32)
    at find (tsserver.js:99302:32)
    at find (tsserver.js:99302:32)
    at find (tsserver.js:99302:32)
    at find (tsserver.js:99302:32)
    at find (tsserver.js:99302:32)
    at find (tsserver.js:99302:32)
    at find (tsserver.js:99302:32)
    at find (tsserver.js:99302:32)
    at find (tsserver.js:99302:32)
    at find (tsserver.js:99302:32)
    at find (tsserver.js:99302:32)
    at find (tsserver.js:99302:32)
    at find (tsserver.js:99302:32)
    at find (tsserver.js:99302:32)
    at find (tsserver.js:99302:32)
    at find (tsserver.js:99302:32)
    at find (tsserver.js:99302:32)
    at find (tsserver.js:99302:32)
    at find (tsserver.js:99302:32)
    at find (tsserver.js:99302:32)
    at find (tsserver.js:99302:32)
    at find (tsserver.js:99302:32)
    at find (tsserver.js:99302:32)
    at find (tsserver.js:99302:32)
    at find (tsserver.js:99302:32)
    at find (tsserver.js:99302:32)
    at find (tsserver.js:99302:32)
    at find (tsserver.js:99302:32)
    at Object.findPrecedingToken (tsserver.js:99275:22)
    at Object.getCompletionsAtPosition (tsserver.js:102164:35)
    at Object.getCompletionsAtPosition (tsserver.js:125481:35)
    at IOSession.Session.getCompletions (tsserver.js:134663:64)
    at Session.handlers.ts.createMapFromTemplate._a.(anonymous function) (tsserver.js:133645:61)
    at tsserver.js:135178:88
    at IOSession.Session.executeWithRequestId (tsserver.js:135169:28)
    at IOSession.Session.executeCommand (tsserver.js:135178:33)
    at IOSession.Session.onMessage (tsserver.js:135201:35)
    at Interface.<anonymous> (tsserver.js:136516:27)
    at Interface.emit (events.js:182:13)
    at Interface._onLine (readline.js:290:10)
    at Interface._normalWrite (readline.js:433:12)
    at Socket.ondata (readline.js:149:10)
    at Socket.emit (events.js:182:13)
    at addChunk (_stream_readable.js:283:12)
    at readableAddChunk (_stream_readable.js:264:11)
    at Socket.Readable.push (_stream_readable.js:219:10)
    at Pipe.onStreamRead [as onread] (internal/stream_base_commons.js:94:17)
	at Function.create (/usr/share/code/resources/app/extensions/typescript-language-features/dist/extension.js:53:63463)
	at h.dispatchResponse (/usr/share/code/resources/app/extensions/typescript-language-features/dist/extension.js:53:56618)
	at h.dispatchMessage (/usr/share/code/resources/app/extensions/typescript-language-features/dist/extension.js:53:55516)
	at constructor._reader.onData.e (/usr/share/code/resources/app/extensions/typescript-language-features/dist/extension.js:53:54992)
	at u.fire (/usr/share/code/resources/app/out/vs/workbench/services/extensions/node/extensionHostProcess.js:50:207)
	at t.Reader.onLengthData (/usr/share/code/resources/app/extensions/typescript-language-features/dist/extension.js:53:61683)
	at Socket.t.Reader.constructor.e.on.e (/usr/share/code/resources/app/extensions/typescript-language-features/dist/extension.js:53:61331)
	at Socket.emit (events.js:182:13)
	at addChunk (_stream_readable.js:283:12)
	at readableAddChunk (_stream_readable.js:264:11)
	at Socket.Readable.push (_stream_readable.js:219:10)
	at Pipe.onStreamRead [as onread] (internal/stream_base_commons.js:94:17)
[2019-10-18 22:08:19.428] [renderer1] [error] <semantic> TypeScript Server Error (3.6.2)
Debug Failure. Did not expect JsxSelfClosingElement to have an Identifier in its trivia
Error: Debug Failure. Did not expect JsxSelfClosingElement to have an Identifier in its trivia
    at addSyntheticNodes (tsserver.js:124478:30)
    at createChildren (tsserver.js:124467:9)
    at NodeObject.getChildren (tsserver.js:124411:56)
    at getTokenAtPositionWorker (tsserver.js:99212:43)
    at Object.getTokenAtPosition (tsserver.js:99204:16)
    at getInfo (tsserver.js:120950:28)
    at Object.getAvailableActions (tsserver.js:120934:28)
    at tsserver.js:115823:128
    at getIterator (tsserver.js:637:23)
    at Object.flatMapIterator (tsserver.js:620:27)
    at Object.getApplicableRefactors (tsserver.js:115822:36)
    at Object.getApplicableRefactors (tsserver.js:126023:32)
    at IOSession.Session.getApplicableRefactors (tsserver.js:134935:53)
    at Session.handlers.ts.createMapFromTemplate._a.(anonymous function) (tsserver.js:133790:61)
    at tsserver.js:135178:88
    at IOSession.Session.executeWithRequestId (tsserver.js:135169:28)
    at IOSession.Session.executeCommand (tsserver.js:135178:33)
    at IOSession.Session.onMessage (tsserver.js:135201:35)
    at Interface.<anonymous> (tsserver.js:136516:27)
    at Interface.emit (events.js:182:13)
    at Interface._onLine (readline.js:290:10)
    at Interface._normalWrite (readline.js:433:12)
    at Socket.ondata (readline.js:149:10)
    at Socket.emit (events.js:182:13)
    at addChunk (_stream_readable.js:283:12)
    at readableAddChunk (_stream_readable.js:264:11)
    at Socket.Readable.push (_stream_readable.js:219:10)
    at Pipe.onStreamRead [as onread] (internal/stream_base_commons.js:94:17): Error: <semantic> TypeScript Server Error (3.6.2)
Debug Failure. Did not expect JsxSelfClosingElement to have an Identifier in its trivia
Error: Debug Failure. Did not expect JsxSelfClosingElement to have an Identifier in its trivia
    at addSyntheticNodes (tsserver.js:124478:30)
    at createChildren (tsserver.js:124467:9)
    at NodeObject.getChildren (tsserver.js:124411:56)
    at getTokenAtPositionWorker (tsserver.js:99212:43)
    at Object.getTokenAtPosition (tsserver.js:99204:16)
    at getInfo (tsserver.js:120950:28)
    at Object.getAvailableActions (tsserver.js:120934:28)
    at tsserver.js:115823:128
    at getIterator (tsserver.js:637:23)
    at Object.flatMapIterator (tsserver.js:620:27)
    at Object.getApplicableRefactors (tsserver.js:115822:36)
    at Object.getApplicableRefactors (tsserver.js:126023:32)
    at IOSession.Session.getApplicableRefactors (tsserver.js:134935:53)
    at Session.handlers.ts.createMapFromTemplate._a.(anonymous function) (tsserver.js:133790:61)
    at tsserver.js:135178:88
    at IOSession.Session.executeWithRequestId (tsserver.js:135169:28)
    at IOSession.Session.executeCommand (tsserver.js:135178:33)
    at IOSession.Session.onMessage (tsserver.js:135201:35)
    at Interface.<anonymous> (tsserver.js:136516:27)
    at Interface.emit (events.js:182:13)
    at Interface._onLine (readline.js:290:10)
    at Interface._normalWrite (readline.js:433:12)
    at Socket.ondata (readline.js:149:10)
    at Socket.emit (events.js:182:13)
    at addChunk (_stream_readable.js:283:12)
    at readableAddChunk (_stream_readable.js:264:11)
    at Socket.Readable.push (_stream_readable.js:219:10)
    at Pipe.onStreamRead [as onread] (internal/stream_base_commons.js:94:17)
	at Function.create (/usr/share/code/resources/app/extensions/typescript-language-features/dist/extension.js:53:63463)
	at h.dispatchResponse (/usr/share/code/resources/app/extensions/typescript-language-features/dist/extension.js:53:56618)
	at h.dispatchMessage (/usr/share/code/resources/app/extensions/typescript-language-features/dist/extension.js:53:55516)
	at constructor._reader.onData.e (/usr/share/code/resources/app/extensions/typescript-language-features/dist/extension.js:53:54992)
	at u.fire (/usr/share/code/resources/app/out/vs/workbench/services/extensions/node/extensionHostProcess.js:50:207)
	at t.Reader.onLengthData (/usr/share/code/resources/app/extensions/typescript-language-features/dist/extension.js:53:61683)
	at Socket.t.Reader.constructor.e.on.e (/usr/share/code/resources/app/extensions/typescript-language-features/dist/extension.js:53:61331)
	at Socket.emit (events.js:182:13)
	at addChunk (_stream_readable.js:283:12)
	at readableAddChunk (_stream_readable.js:264:11)
	at Socket.Readable.push (_stream_readable.js:219:10)
	at Pipe.onStreamRead [as onread] (internal/stream_base_commons.js:94:17)
